<?xml version="1.0" encoding="UTF-8"?><testsuite errors="1" failures="0" name="Academy Choucair" skipped="0" tests="1" time="0.99" timestamp="2021-08-06 03:40:12"><testcase name="Search for a automation course."><error type="java.lang.NullPointerException"/><system-err>null&#13;
co.com.choucair.certification.maloneydavid.stepdefinitions.ChoucairAcademyStepDefinitions.than_brandon_wants_to_learn_automation_at_the_academy_Choucair(ChoucairAcademyStepDefinitions.java:11)&#13;
✽.than brandon wants to learn automation at the academy Choucair(src/test/resources/features/academyChoucair.feature:8)&#13;
</system-err></testcase></testsuite>